{"/Users/tianyiwei/Desktop/Spring 2023/CIS 550/HW2/HW2_student/server/routes.js": {"path":"/Users/tianyiwei/Desktop/Spring 2023/CIS 550/HW2/HW2_student/server/routes.js","statementMap":{"0":{"start":{"line":1,"column":14},"end":{"line":1,"column":30}},"1":{"start":{"line":2,"column":15},"end":{"line":2,"column":39}},"2":{"start":{"line":6,"column":19},"end":{"line":12,"column":2}},"3":{"start":{"line":13,"column":0},"end":{"line":13,"column":53}},"4":{"start":{"line":13,"column":28},"end":{"line":13,"column":51}},"5":{"start":{"line":20,"column":15},"end":{"line":37,"column":1}},"6":{"start":{"line":22,"column":15},"end":{"line":22,"column":27}},"7":{"start":{"line":23,"column":18},"end":{"line":23,"column":25}},"8":{"start":{"line":27,"column":2},"end":{"line":36,"column":3}},"9":{"start":{"line":29,"column":4},"end":{"line":29,"column":35}},"10":{"start":{"line":30,"column":9},"end":{"line":36,"column":3}},"11":{"start":{"line":31,"column":4},"end":{"line":31,"column":38}},"12":{"start":{"line":35,"column":4},"end":{"line":35,"column":115}},"13":{"start":{"line":40,"column":15},"end":{"line":70,"column":1}},"14":{"start":{"line":44,"column":19},"end":{"line":44,"column":56}},"15":{"start":{"line":48,"column":2},"end":{"line":69,"column":5}},"16":{"start":{"line":55,"column":4},"end":{"line":68,"column":5}},"17":{"start":{"line":58,"column":6},"end":{"line":58,"column":23}},"18":{"start":{"line":59,"column":6},"end":{"line":59,"column":19}},"19":{"start":{"line":65,"column":6},"end":{"line":67,"column":9}},"20":{"start":{"line":77,"column":13},"end":{"line":92,"column":1}},"21":{"start":{"line":80,"column":2},"end":{"line":91,"column":5}},"22":{"start":{"line":85,"column":4},"end":{"line":90,"column":5}},"23":{"start":{"line":86,"column":6},"end":{"line":86,"column":23}},"24":{"start":{"line":87,"column":6},"end":{"line":87,"column":19}},"25":{"start":{"line":89,"column":6},"end":{"line":89,"column":24}},"26":{"start":{"line":95,"column":14},"end":{"line":109,"column":1}},"27":{"start":{"line":97,"column":2},"end":{"line":108,"column":5}},"28":{"start":{"line":102,"column":4},"end":{"line":107,"column":5}},"29":{"start":{"line":103,"column":6},"end":{"line":103,"column":23}},"30":{"start":{"line":104,"column":6},"end":{"line":104,"column":19}},"31":{"start":{"line":106,"column":6},"end":{"line":106,"column":24}},"32":{"start":{"line":112,"column":15},"end":{"line":127,"column":1}},"33":{"start":{"line":115,"column":2},"end":{"line":126,"column":5}},"34":{"start":{"line":120,"column":4},"end":{"line":125,"column":5}},"35":{"start":{"line":121,"column":6},"end":{"line":121,"column":22}},"36":{"start":{"line":122,"column":6},"end":{"line":122,"column":19}},"37":{"start":{"line":124,"column":6},"end":{"line":124,"column":21}},"38":{"start":{"line":130,"column":20},"end":{"line":145,"column":1}},"39":{"start":{"line":132,"column":2},"end":{"line":144,"column":5}},"40":{"start":{"line":138,"column":4},"end":{"line":143,"column":5}},"41":{"start":{"line":139,"column":6},"end":{"line":139,"column":23}},"42":{"start":{"line":140,"column":6},"end":{"line":140,"column":19}},"43":{"start":{"line":142,"column":6},"end":{"line":142,"column":21}},"44":{"start":{"line":152,"column":18},"end":{"line":189,"column":1}},"45":{"start":{"line":153,"column":15},"end":{"line":153,"column":29}},"46":{"start":{"line":155,"column":19},"end":{"line":155,"column":44}},"47":{"start":{"line":157,"column":2},"end":{"line":188,"column":3}},"48":{"start":{"line":160,"column":4},"end":{"line":171,"column":7}},"49":{"start":{"line":165,"column":6},"end":{"line":170,"column":7}},"50":{"start":{"line":166,"column":8},"end":{"line":166,"column":25}},"51":{"start":{"line":167,"column":8},"end":{"line":167,"column":21}},"52":{"start":{"line":169,"column":8},"end":{"line":169,"column":23}},"53":{"start":{"line":175,"column":4},"end":{"line":187,"column":7}},"54":{"start":{"line":181,"column":6},"end":{"line":186,"column":7}},"55":{"start":{"line":182,"column":8},"end":{"line":182,"column":25}},"56":{"start":{"line":183,"column":8},"end":{"line":183,"column":22}},"57":{"start":{"line":185,"column":8},"end":{"line":185,"column":23}},"58":{"start":{"line":192,"column":19},"end":{"line":228,"column":1}},"59":{"start":{"line":195,"column":15},"end":{"line":195,"column":29}},"60":{"start":{"line":196,"column":19},"end":{"line":196,"column":44}},"61":{"start":{"line":198,"column":2},"end":{"line":227,"column":3}},"62":{"start":{"line":199,"column":4},"end":{"line":211,"column":6}},"63":{"start":{"line":205,"column":6},"end":{"line":210,"column":7}},"64":{"start":{"line":206,"column":8},"end":{"line":206,"column":25}},"65":{"start":{"line":207,"column":8},"end":{"line":207,"column":21}},"66":{"start":{"line":209,"column":8},"end":{"line":209,"column":23}},"67":{"start":{"line":213,"column":4},"end":{"line":226,"column":6}},"68":{"start":{"line":220,"column":6},"end":{"line":225,"column":7}},"69":{"start":{"line":221,"column":8},"end":{"line":221,"column":25}},"70":{"start":{"line":222,"column":8},"end":{"line":222,"column":21}},"71":{"start":{"line":224,"column":8},"end":{"line":224,"column":23}},"72":{"start":{"line":231,"column":21},"end":{"line":266,"column":1}},"73":{"start":{"line":234,"column":16},"end":{"line":234,"column":37}},"74":{"start":{"line":235,"column":22},"end":{"line":235,"column":50}},"75":{"start":{"line":236,"column":23},"end":{"line":236,"column":53}},"76":{"start":{"line":237,"column":19},"end":{"line":237,"column":43}},"77":{"start":{"line":238,"column":20},"end":{"line":238,"column":54}},"78":{"start":{"line":239,"column":26},"end":{"line":239,"column":57}},"79":{"start":{"line":240,"column":27},"end":{"line":240,"column":59}},"80":{"start":{"line":241,"column":20},"end":{"line":241,"column":45}},"81":{"start":{"line":242,"column":21},"end":{"line":242,"column":47}},"82":{"start":{"line":243,"column":21},"end":{"line":243,"column":47}},"83":{"start":{"line":244,"column":22},"end":{"line":244,"column":49}},"84":{"start":{"line":245,"column":19},"end":{"line":245,"column":56}},"85":{"start":{"line":247,"column":2},"end":{"line":265,"column":5}},"86":{"start":{"line":259,"column":4},"end":{"line":264,"column":5}},"87":{"start":{"line":260,"column":6},"end":{"line":260,"column":23}},"88":{"start":{"line":261,"column":6},"end":{"line":261,"column":19}},"89":{"start":{"line":263,"column":6},"end":{"line":263,"column":21}},"90":{"start":{"line":269,"column":0},"end":{"line":279,"column":1}}},"fnMap":{"0":{"name":"(anonymous_0)","decl":{"start":{"line":13,"column":19},"end":{"line":13,"column":20}},"loc":{"start":{"line":13,"column":28},"end":{"line":13,"column":51}},"line":13},"1":{"name":"(anonymous_1)","decl":{"start":{"line":20,"column":15},"end":{"line":20,"column":16}},"loc":{"start":{"line":20,"column":40},"end":{"line":37,"column":1}},"line":20},"2":{"name":"(anonymous_2)","decl":{"start":{"line":40,"column":15},"end":{"line":40,"column":16}},"loc":{"start":{"line":40,"column":40},"end":{"line":70,"column":1}},"line":40},"3":{"name":"(anonymous_3)","decl":{"start":{"line":54,"column":5},"end":{"line":54,"column":6}},"loc":{"start":{"line":54,"column":20},"end":{"line":69,"column":3}},"line":54},"4":{"name":"(anonymous_4)","decl":{"start":{"line":77,"column":13},"end":{"line":77,"column":14}},"loc":{"start":{"line":77,"column":38},"end":{"line":92,"column":1}},"line":77},"5":{"name":"(anonymous_5)","decl":{"start":{"line":84,"column":4},"end":{"line":84,"column":5}},"loc":{"start":{"line":84,"column":19},"end":{"line":91,"column":3}},"line":84},"6":{"name":"(anonymous_6)","decl":{"start":{"line":95,"column":14},"end":{"line":95,"column":15}},"loc":{"start":{"line":95,"column":39},"end":{"line":109,"column":1}},"line":95},"7":{"name":"(anonymous_7)","decl":{"start":{"line":101,"column":2},"end":{"line":101,"column":3}},"loc":{"start":{"line":101,"column":17},"end":{"line":108,"column":3}},"line":101},"8":{"name":"(anonymous_8)","decl":{"start":{"line":112,"column":15},"end":{"line":112,"column":16}},"loc":{"start":{"line":112,"column":40},"end":{"line":127,"column":1}},"line":112},"9":{"name":"(anonymous_9)","decl":{"start":{"line":119,"column":2},"end":{"line":119,"column":3}},"loc":{"start":{"line":119,"column":17},"end":{"line":126,"column":3}},"line":119},"10":{"name":"(anonymous_10)","decl":{"start":{"line":130,"column":20},"end":{"line":130,"column":21}},"loc":{"start":{"line":130,"column":45},"end":{"line":145,"column":1}},"line":130},"11":{"name":"(anonymous_11)","decl":{"start":{"line":137,"column":2},"end":{"line":137,"column":3}},"loc":{"start":{"line":137,"column":17},"end":{"line":144,"column":3}},"line":137},"12":{"name":"(anonymous_12)","decl":{"start":{"line":152,"column":18},"end":{"line":152,"column":19}},"loc":{"start":{"line":152,"column":43},"end":{"line":189,"column":1}},"line":152},"13":{"name":"(anonymous_13)","decl":{"start":{"line":164,"column":4},"end":{"line":164,"column":5}},"loc":{"start":{"line":164,"column":19},"end":{"line":171,"column":5}},"line":164},"14":{"name":"(anonymous_14)","decl":{"start":{"line":180,"column":4},"end":{"line":180,"column":5}},"loc":{"start":{"line":180,"column":19},"end":{"line":187,"column":5}},"line":180},"15":{"name":"(anonymous_15)","decl":{"start":{"line":192,"column":19},"end":{"line":192,"column":20}},"loc":{"start":{"line":192,"column":44},"end":{"line":228,"column":1}},"line":192},"16":{"name":"(anonymous_16)","decl":{"start":{"line":204,"column":4},"end":{"line":204,"column":5}},"loc":{"start":{"line":204,"column":19},"end":{"line":211,"column":5}},"line":204},"17":{"name":"(anonymous_17)","decl":{"start":{"line":219,"column":4},"end":{"line":219,"column":5}},"loc":{"start":{"line":219,"column":19},"end":{"line":226,"column":5}},"line":219},"18":{"name":"(anonymous_18)","decl":{"start":{"line":231,"column":21},"end":{"line":231,"column":22}},"loc":{"start":{"line":231,"column":46},"end":{"line":266,"column":1}},"line":231},"19":{"name":"(anonymous_19)","decl":{"start":{"line":258,"column":2},"end":{"line":258,"column":3}},"loc":{"start":{"line":258,"column":17},"end":{"line":265,"column":3}},"line":258}},"branchMap":{"0":{"loc":{"start":{"line":13,"column":28},"end":{"line":13,"column":51}},"type":"binary-expr","locations":[{"start":{"line":13,"column":28},"end":{"line":13,"column":31}},{"start":{"line":13,"column":35},"end":{"line":13,"column":51}}],"line":13},"1":{"loc":{"start":{"line":27,"column":2},"end":{"line":36,"column":3}},"type":"if","locations":[{"start":{"line":27,"column":2},"end":{"line":36,"column":3}},{"start":{"line":30,"column":9},"end":{"line":36,"column":3}}],"line":27},"2":{"loc":{"start":{"line":30,"column":9},"end":{"line":36,"column":3}},"type":"if","locations":[{"start":{"line":30,"column":9},"end":{"line":36,"column":3}},{"start":{"line":33,"column":9},"end":{"line":36,"column":3}}],"line":30},"3":{"loc":{"start":{"line":44,"column":19},"end":{"line":44,"column":56}},"type":"cond-expr","locations":[{"start":{"line":44,"column":51},"end":{"line":44,"column":52}},{"start":{"line":44,"column":55},"end":{"line":44,"column":56}}],"line":44},"4":{"loc":{"start":{"line":55,"column":4},"end":{"line":68,"column":5}},"type":"if","locations":[{"start":{"line":55,"column":4},"end":{"line":68,"column":5}},{"start":{"line":60,"column":11},"end":{"line":68,"column":5}}],"line":55},"5":{"loc":{"start":{"line":55,"column":8},"end":{"line":55,"column":32}},"type":"binary-expr","locations":[{"start":{"line":55,"column":8},"end":{"line":55,"column":11}},{"start":{"line":55,"column":15},"end":{"line":55,"column":32}}],"line":55},"6":{"loc":{"start":{"line":85,"column":4},"end":{"line":90,"column":5}},"type":"if","locations":[{"start":{"line":85,"column":4},"end":{"line":90,"column":5}},{"start":{"line":88,"column":11},"end":{"line":90,"column":5}}],"line":85},"7":{"loc":{"start":{"line":85,"column":8},"end":{"line":85,"column":32}},"type":"binary-expr","locations":[{"start":{"line":85,"column":8},"end":{"line":85,"column":11}},{"start":{"line":85,"column":15},"end":{"line":85,"column":32}}],"line":85},"8":{"loc":{"start":{"line":102,"column":4},"end":{"line":107,"column":5}},"type":"if","locations":[{"start":{"line":102,"column":4},"end":{"line":107,"column":5}},{"start":{"line":105,"column":11},"end":{"line":107,"column":5}}],"line":102},"9":{"loc":{"start":{"line":102,"column":8},"end":{"line":102,"column":32}},"type":"binary-expr","locations":[{"start":{"line":102,"column":8},"end":{"line":102,"column":11}},{"start":{"line":102,"column":15},"end":{"line":102,"column":32}}],"line":102},"10":{"loc":{"start":{"line":120,"column":4},"end":{"line":125,"column":5}},"type":"if","locations":[{"start":{"line":120,"column":4},"end":{"line":125,"column":5}},{"start":{"line":123,"column":11},"end":{"line":125,"column":5}}],"line":120},"11":{"loc":{"start":{"line":120,"column":8},"end":{"line":120,"column":32}},"type":"binary-expr","locations":[{"start":{"line":120,"column":8},"end":{"line":120,"column":11}},{"start":{"line":120,"column":15},"end":{"line":120,"column":32}}],"line":120},"12":{"loc":{"start":{"line":138,"column":4},"end":{"line":143,"column":5}},"type":"if","locations":[{"start":{"line":138,"column":4},"end":{"line":143,"column":5}},{"start":{"line":141,"column":11},"end":{"line":143,"column":5}}],"line":138},"13":{"loc":{"start":{"line":138,"column":8},"end":{"line":138,"column":32}},"type":"binary-expr","locations":[{"start":{"line":138,"column":8},"end":{"line":138,"column":11}},{"start":{"line":138,"column":15},"end":{"line":138,"column":32}}],"line":138},"14":{"loc":{"start":{"line":155,"column":19},"end":{"line":155,"column":44}},"type":"binary-expr","locations":[{"start":{"line":155,"column":19},"end":{"line":155,"column":38}},{"start":{"line":155,"column":42},"end":{"line":155,"column":44}}],"line":155},"15":{"loc":{"start":{"line":157,"column":2},"end":{"line":188,"column":3}},"type":"if","locations":[{"start":{"line":157,"column":2},"end":{"line":188,"column":3}},{"start":{"line":172,"column":9},"end":{"line":188,"column":3}}],"line":157},"16":{"loc":{"start":{"line":165,"column":6},"end":{"line":170,"column":7}},"type":"if","locations":[{"start":{"line":165,"column":6},"end":{"line":170,"column":7}},{"start":{"line":168,"column":13},"end":{"line":170,"column":7}}],"line":165},"17":{"loc":{"start":{"line":165,"column":10},"end":{"line":165,"column":34}},"type":"binary-expr","locations":[{"start":{"line":165,"column":10},"end":{"line":165,"column":13}},{"start":{"line":165,"column":17},"end":{"line":165,"column":34}}],"line":165},"18":{"loc":{"start":{"line":181,"column":6},"end":{"line":186,"column":7}},"type":"if","locations":[{"start":{"line":181,"column":6},"end":{"line":186,"column":7}},{"start":{"line":184,"column":13},"end":{"line":186,"column":7}}],"line":181},"19":{"loc":{"start":{"line":181,"column":10},"end":{"line":181,"column":34}},"type":"binary-expr","locations":[{"start":{"line":181,"column":10},"end":{"line":181,"column":13}},{"start":{"line":181,"column":17},"end":{"line":181,"column":34}}],"line":181},"20":{"loc":{"start":{"line":196,"column":19},"end":{"line":196,"column":44}},"type":"binary-expr","locations":[{"start":{"line":196,"column":19},"end":{"line":196,"column":38}},{"start":{"line":196,"column":42},"end":{"line":196,"column":44}}],"line":196},"21":{"loc":{"start":{"line":198,"column":2},"end":{"line":227,"column":3}},"type":"if","locations":[{"start":{"line":198,"column":2},"end":{"line":227,"column":3}},{"start":{"line":212,"column":9},"end":{"line":227,"column":3}}],"line":198},"22":{"loc":{"start":{"line":205,"column":6},"end":{"line":210,"column":7}},"type":"if","locations":[{"start":{"line":205,"column":6},"end":{"line":210,"column":7}},{"start":{"line":208,"column":13},"end":{"line":210,"column":7}}],"line":205},"23":{"loc":{"start":{"line":205,"column":10},"end":{"line":205,"column":34}},"type":"binary-expr","locations":[{"start":{"line":205,"column":10},"end":{"line":205,"column":13}},{"start":{"line":205,"column":17},"end":{"line":205,"column":34}}],"line":205},"24":{"loc":{"start":{"line":220,"column":6},"end":{"line":225,"column":7}},"type":"if","locations":[{"start":{"line":220,"column":6},"end":{"line":225,"column":7}},{"start":{"line":223,"column":13},"end":{"line":225,"column":7}}],"line":220},"25":{"loc":{"start":{"line":220,"column":10},"end":{"line":220,"column":34}},"type":"binary-expr","locations":[{"start":{"line":220,"column":10},"end":{"line":220,"column":13}},{"start":{"line":220,"column":17},"end":{"line":220,"column":34}}],"line":220},"26":{"loc":{"start":{"line":234,"column":16},"end":{"line":234,"column":37}},"type":"binary-expr","locations":[{"start":{"line":234,"column":16},"end":{"line":234,"column":31}},{"start":{"line":234,"column":35},"end":{"line":234,"column":37}}],"line":234},"27":{"loc":{"start":{"line":235,"column":22},"end":{"line":235,"column":50}},"type":"binary-expr","locations":[{"start":{"line":235,"column":22},"end":{"line":235,"column":44}},{"start":{"line":235,"column":48},"end":{"line":235,"column":50}}],"line":235},"28":{"loc":{"start":{"line":236,"column":23},"end":{"line":236,"column":53}},"type":"binary-expr","locations":[{"start":{"line":236,"column":23},"end":{"line":236,"column":46}},{"start":{"line":236,"column":50},"end":{"line":236,"column":53}}],"line":236},"29":{"loc":{"start":{"line":237,"column":19},"end":{"line":237,"column":43}},"type":"binary-expr","locations":[{"start":{"line":237,"column":19},"end":{"line":237,"column":38}},{"start":{"line":237,"column":42},"end":{"line":237,"column":43}}],"line":237},"30":{"loc":{"start":{"line":238,"column":20},"end":{"line":238,"column":54}},"type":"binary-expr","locations":[{"start":{"line":238,"column":20},"end":{"line":238,"column":40}},{"start":{"line":238,"column":44},"end":{"line":238,"column":54}}],"line":238},"31":{"loc":{"start":{"line":239,"column":26},"end":{"line":239,"column":57}},"type":"binary-expr","locations":[{"start":{"line":239,"column":26},"end":{"line":239,"column":52}},{"start":{"line":239,"column":56},"end":{"line":239,"column":57}}],"line":239},"32":{"loc":{"start":{"line":240,"column":27},"end":{"line":240,"column":59}},"type":"binary-expr","locations":[{"start":{"line":240,"column":27},"end":{"line":240,"column":54}},{"start":{"line":240,"column":58},"end":{"line":240,"column":59}}],"line":240},"33":{"loc":{"start":{"line":241,"column":20},"end":{"line":241,"column":45}},"type":"binary-expr","locations":[{"start":{"line":241,"column":20},"end":{"line":241,"column":40}},{"start":{"line":241,"column":44},"end":{"line":241,"column":45}}],"line":241},"34":{"loc":{"start":{"line":242,"column":21},"end":{"line":242,"column":47}},"type":"binary-expr","locations":[{"start":{"line":242,"column":21},"end":{"line":242,"column":42}},{"start":{"line":242,"column":46},"end":{"line":242,"column":47}}],"line":242},"35":{"loc":{"start":{"line":243,"column":21},"end":{"line":243,"column":47}},"type":"binary-expr","locations":[{"start":{"line":243,"column":21},"end":{"line":243,"column":42}},{"start":{"line":243,"column":46},"end":{"line":243,"column":47}}],"line":243},"36":{"loc":{"start":{"line":244,"column":22},"end":{"line":244,"column":49}},"type":"binary-expr","locations":[{"start":{"line":244,"column":22},"end":{"line":244,"column":44}},{"start":{"line":244,"column":48},"end":{"line":244,"column":49}}],"line":244},"37":{"loc":{"start":{"line":245,"column":19},"end":{"line":245,"column":56}},"type":"cond-expr","locations":[{"start":{"line":245,"column":51},"end":{"line":245,"column":52}},{"start":{"line":245,"column":55},"end":{"line":245,"column":56}}],"line":245},"38":{"loc":{"start":{"line":259,"column":4},"end":{"line":264,"column":5}},"type":"if","locations":[{"start":{"line":259,"column":4},"end":{"line":264,"column":5}},{"start":{"line":262,"column":11},"end":{"line":264,"column":5}}],"line":259},"39":{"loc":{"start":{"line":259,"column":8},"end":{"line":259,"column":32}},"type":"binary-expr","locations":[{"start":{"line":259,"column":8},"end":{"line":259,"column":11}},{"start":{"line":259,"column":15},"end":{"line":259,"column":32}}],"line":259}},"s":{"0":1,"1":1,"2":1,"3":1,"4":1,"5":1,"6":2,"7":2,"8":2,"9":1,"10":1,"11":1,"12":0,"13":1,"14":1,"15":1,"16":1,"17":0,"18":0,"19":1,"20":1,"21":1,"22":1,"23":0,"24":0,"25":1,"26":1,"27":1,"28":1,"29":0,"30":0,"31":1,"32":1,"33":1,"34":1,"35":0,"36":0,"37":1,"38":1,"39":1,"40":1,"41":0,"42":0,"43":1,"44":1,"45":3,"46":3,"47":3,"48":1,"49":1,"50":0,"51":0,"52":1,"53":2,"54":2,"55":0,"56":0,"57":2,"58":1,"59":3,"60":3,"61":3,"62":1,"63":1,"64":0,"65":0,"66":1,"67":2,"68":2,"69":0,"70":0,"71":2,"72":1,"73":2,"74":2,"75":2,"76":2,"77":2,"78":2,"79":2,"80":2,"81":2,"82":2,"83":2,"84":2,"85":2,"86":2,"87":0,"88":0,"89":2,"90":1},"f":{"0":1,"1":2,"2":1,"3":1,"4":1,"5":1,"6":1,"7":1,"8":1,"9":1,"10":1,"11":1,"12":3,"13":1,"14":2,"15":3,"16":1,"17":2,"18":2,"19":2},"b":{"0":[1,0],"1":[1,1],"2":[1,0],"3":[0,1],"4":[0,1],"5":[1,1],"6":[0,1],"7":[1,1],"8":[0,1],"9":[1,1],"10":[0,1],"11":[1,1],"12":[0,1],"13":[1,1],"14":[3,2],"15":[1,2],"16":[0,1],"17":[1,1],"18":[0,2],"19":[2,2],"20":[3,2],"21":[1,2],"22":[0,1],"23":[1,1],"24":[0,2],"25":[2,2],"26":[2,1],"27":[2,2],"28":[2,2],"29":[2,2],"30":[2,2],"31":[2,2],"32":[2,2],"33":[2,1],"34":[2,2],"35":[2,1],"36":[2,1],"37":[1,1],"38":[0,2],"39":[2,2]},"_coverageSchema":"1a1c01bbd47fc00a2c39e90264f33305004495a9","hash":"2cfcffbf844ce9c184576d2eccf18b5430b3d3f8"}
,"/Users/tianyiwei/Desktop/Spring 2023/CIS 550/HW2/HW2_student/server/server.js": {"path":"/Users/tianyiwei/Desktop/Spring 2023/CIS 550/HW2/HW2_student/server/server.js","statementMap":{"0":{"start":{"line":1,"column":16},"end":{"line":1,"column":34}},"1":{"start":{"line":2,"column":13},"end":{"line":2,"column":28}},"2":{"start":{"line":3,"column":15},"end":{"line":3,"column":34}},"3":{"start":{"line":4,"column":15},"end":{"line":4,"column":34}},"4":{"start":{"line":6,"column":12},"end":{"line":6,"column":21}},"5":{"start":{"line":7,"column":0},"end":{"line":9,"column":4}},"6":{"start":{"line":13,"column":0},"end":{"line":13,"column":40}},"7":{"start":{"line":14,"column":0},"end":{"line":14,"column":34}},"8":{"start":{"line":15,"column":0},"end":{"line":15,"column":39}},"9":{"start":{"line":16,"column":0},"end":{"line":16,"column":42}},"10":{"start":{"line":17,"column":0},"end":{"line":17,"column":34}},"11":{"start":{"line":18,"column":0},"end":{"line":18,"column":54}},"12":{"start":{"line":19,"column":0},"end":{"line":19,"column":40}},"13":{"start":{"line":20,"column":0},"end":{"line":20,"column":42}},"14":{"start":{"line":21,"column":0},"end":{"line":21,"column":46}},"15":{"start":{"line":23,"column":0},"end":{"line":25,"column":3}},"16":{"start":{"line":24,"column":2},"end":{"line":24,"column":86}},"17":{"start":{"line":27,"column":0},"end":{"line":27,"column":21}}},"fnMap":{"0":{"name":"(anonymous_0)","decl":{"start":{"line":23,"column":31},"end":{"line":23,"column":32}},"loc":{"start":{"line":23,"column":37},"end":{"line":25,"column":1}},"line":23}},"branchMap":{},"s":{"0":1,"1":1,"2":1,"3":1,"4":1,"5":1,"6":1,"7":1,"8":1,"9":1,"10":1,"11":1,"12":1,"13":1,"14":1,"15":1,"16":1,"17":1},"f":{"0":1},"b":{},"_coverageSchema":"1a1c01bbd47fc00a2c39e90264f33305004495a9","hash":"ec4e5cfaa42e5b92f730ff97a757f5ee1ee363e6"}
}
