TN:
SF:routes.js
FN:13,(anonymous_0)
FN:20,(anonymous_1)
FN:40,(anonymous_2)
FN:54,(anonymous_3)
FN:77,(anonymous_4)
FN:84,(anonymous_5)
FN:95,(anonymous_6)
FN:101,(anonymous_7)
FN:112,(anonymous_8)
FN:119,(anonymous_9)
FN:130,(anonymous_10)
FN:137,(anonymous_11)
FN:152,(anonymous_12)
FN:164,(anonymous_13)
FN:180,(anonymous_14)
FN:192,(anonymous_15)
FN:204,(anonymous_16)
FN:219,(anonymous_17)
FN:231,(anonymous_18)
FN:258,(anonymous_19)
FNF:20
FNH:20
FNDA:1,(anonymous_0)
FNDA:2,(anonymous_1)
FNDA:1,(anonymous_2)
FNDA:1,(anonymous_3)
FNDA:1,(anonymous_4)
FNDA:1,(anonymous_5)
FNDA:1,(anonymous_6)
FNDA:1,(anonymous_7)
FNDA:1,(anonymous_8)
FNDA:1,(anonymous_9)
FNDA:1,(anonymous_10)
FNDA:1,(anonymous_11)
FNDA:3,(anonymous_12)
FNDA:1,(anonymous_13)
FNDA:2,(anonymous_14)
FNDA:3,(anonymous_15)
FNDA:1,(anonymous_16)
FNDA:2,(anonymous_17)
FNDA:2,(anonymous_18)
FNDA:2,(anonymous_19)
DA:1,1
DA:2,1
DA:6,1
DA:13,1
DA:20,1
DA:22,2
DA:23,2
DA:27,2
DA:29,1
DA:30,1
DA:31,1
DA:35,0
DA:40,1
DA:44,1
DA:48,1
DA:55,1
DA:58,0
DA:59,0
DA:65,1
DA:77,1
DA:80,1
DA:85,1
DA:86,0
DA:87,0
DA:89,1
DA:95,1
DA:97,1
DA:102,1
DA:103,0
DA:104,0
DA:106,1
DA:112,1
DA:115,1
DA:120,1
DA:121,0
DA:122,0
DA:124,1
DA:130,1
DA:132,1
DA:138,1
DA:139,0
DA:140,0
DA:142,1
DA:152,1
DA:153,3
DA:155,3
DA:157,3
DA:160,1
DA:165,1
DA:166,0
DA:167,0
DA:169,1
DA:175,2
DA:181,2
DA:182,0
DA:183,0
DA:185,2
DA:192,1
DA:195,3
DA:196,3
DA:198,3
DA:199,1
DA:205,1
DA:206,0
DA:207,0
DA:209,1
DA:213,2
DA:220,2
DA:221,0
DA:222,0
DA:224,2
DA:231,1
DA:234,2
DA:235,2
DA:236,2
DA:237,2
DA:238,2
DA:239,2
DA:240,2
DA:241,2
DA:242,2
DA:243,2
DA:244,2
DA:245,2
DA:247,2
DA:259,2
DA:260,0
DA:261,0
DA:263,2
DA:269,1
LF:90
LH:69
BRDA:13,0,0,1
BRDA:13,0,1,0
BRDA:27,1,0,1
BRDA:27,1,1,1
BRDA:30,2,0,1
BRDA:30,2,1,0
BRDA:44,3,0,0
BRDA:44,3,1,1
BRDA:55,4,0,0
BRDA:55,4,1,1
BRDA:55,5,0,1
BRDA:55,5,1,1
BRDA:85,6,0,0
BRDA:85,6,1,1
BRDA:85,7,0,1
BRDA:85,7,1,1
BRDA:102,8,0,0
BRDA:102,8,1,1
BRDA:102,9,0,1
BRDA:102,9,1,1
BRDA:120,10,0,0
BRDA:120,10,1,1
BRDA:120,11,0,1
BRDA:120,11,1,1
BRDA:138,12,0,0
BRDA:138,12,1,1
BRDA:138,13,0,1
BRDA:138,13,1,1
BRDA:155,14,0,3
BRDA:155,14,1,2
BRDA:157,15,0,1
BRDA:157,15,1,2
BRDA:165,16,0,0
BRDA:165,16,1,1
BRDA:165,17,0,1
BRDA:165,17,1,1
BRDA:181,18,0,0
BRDA:181,18,1,2
BRDA:181,19,0,2
BRDA:181,19,1,2
BRDA:196,20,0,3
BRDA:196,20,1,2
BRDA:198,21,0,1
BRDA:198,21,1,2
BRDA:205,22,0,0
BRDA:205,22,1,1
BRDA:205,23,0,1
BRDA:205,23,1,1
BRDA:220,24,0,0
BRDA:220,24,1,2
BRDA:220,25,0,2
BRDA:220,25,1,2
BRDA:234,26,0,2
BRDA:234,26,1,1
BRDA:235,27,0,2
BRDA:235,27,1,2
BRDA:236,28,0,2
BRDA:236,28,1,2
BRDA:237,29,0,2
BRDA:237,29,1,2
BRDA:238,30,0,2
BRDA:238,30,1,2
BRDA:239,31,0,2
BRDA:239,31,1,2
BRDA:240,32,0,2
BRDA:240,32,1,2
BRDA:241,33,0,2
BRDA:241,33,1,1
BRDA:242,34,0,2
BRDA:242,34,1,2
BRDA:243,35,0,2
BRDA:243,35,1,1
BRDA:244,36,0,2
BRDA:244,36,1,1
BRDA:245,37,0,1
BRDA:245,37,1,1
BRDA:259,38,0,0
BRDA:259,38,1,2
BRDA:259,39,0,2
BRDA:259,39,1,2
BRF:80
BRH:67
end_of_record
TN:
SF:server.js
FN:23,(anonymous_0)
FNF:1
FNH:1
FNDA:1,(anonymous_0)
DA:1,1
DA:2,1
DA:3,1
DA:4,1
DA:6,1
DA:7,1
DA:13,1
DA:14,1
DA:15,1
DA:16,1
DA:17,1
DA:18,1
DA:19,1
DA:20,1
DA:21,1
DA:23,1
DA:24,1
DA:27,1
LF:18
LH:18
BRF:0
BRH:0
end_of_record
